ERROR:2019-02-11 21:16:48,056 32383 MainProcess 139698550818560 grr_threadpool-2968065594 mysql_advanced_data_store:616] OperationalError: (1213, 'Deadlock found when trying to get lock; try restarting transaction'). This may be due to an incorrect MySQL 'max_allowed_packet' setting (try increasing it). Retrying.
ERROR:2019-02-11 21:17:22,495 32383 MainProcess 139700765443840 grr_threadpool-3246117250 flow_runner:584] Flow aff4:/C.1be17baa0aeb80b5/flows/E:834BCB69/E:884E4451 raised Parsing output of Command /usr/sbin/dmidecode failed, as command had 1 return code.
Traceback (most recent call last):
  File "/home/samanoudy/grr/grr/server/grr_response_server/flow_runner.py", line 568, in RunStateMethod
    method(responses)
  File "/home/samanoudy/grr/grr/server/grr_response_server/flows/general/collectors.py", line 585, in ProcessCollected
    self._ParseResponses(list(responses), artifact_name, source)
  File "/home/samanoudy/grr/grr/server/grr_response_server/flows/general/collectors.py", line 693, in _ParseResponses
    self)
  File "/home/samanoudy/grr/grr/server/grr_response_server/artifact.py", line 431, in ApplyParsersToResponses
    flow_obj.args.path_type))
  File "/home/samanoudy/grr/grr/core/grr_response_core/lib/parsers/linux_cmd_parser.py", line 188, in Parse
    self.CheckReturn(cmd, return_val)
  File "/home/samanoudy/grr/grr/core/grr_response_core/lib/parser.py", line 179, in CheckReturn
    "command had %s return code" % (cmd, return_val))
CommandFailedError: Parsing output of Command /usr/sbin/dmidecode failed, as command had 1 return code
ERROR:2019-02-11 21:17:23,174 32383 MainProcess 139700765443840 grr_threadpool-3246117250 flow_runner:859] Error in flow aff4:/C.1be17baa0aeb80b5/flows/E:834BCB69/E:884E4451 (aff4:/C.1be17baa0aeb80b5). Trace: Traceback (most recent call last):
  File "/home/samanoudy/grr/grr/server/grr_response_server/flow_runner.py", line 568, in RunStateMethod
    method(responses)
  File "/home/samanoudy/grr/grr/server/grr_response_server/flows/general/collectors.py", line 585, in ProcessCollected
    self._ParseResponses(list(responses), artifact_name, source)
  File "/home/samanoudy/grr/grr/server/grr_response_server/flows/general/collectors.py", line 693, in _ParseResponses
    self)
  File "/home/samanoudy/grr/grr/server/grr_response_server/artifact.py", line 431, in ApplyParsersToResponses
    flow_obj.args.path_type))
  File "/home/samanoudy/grr/grr/core/grr_response_core/lib/parsers/linux_cmd_parser.py", line 188, in Parse
    self.CheckReturn(cmd, return_val)
  File "/home/samanoudy/grr/grr/core/grr_response_core/lib/parser.py", line 179, in CheckReturn
    "command had %s return code" % (cmd, return_val))
CommandFailedError: Parsing output of Command /usr/sbin/dmidecode failed, as command had 1 return code

ERROR:2019-02-11 21:17:23,930 32383 MainProcess 139698617960192 grr_threadpool-3721415580 flow_runner:584] Flow aff4:/hunts/H:1C9302B7/C.1be17baa0aeb80b5/H:5D859B4E/H:FE393195 raised Parsing output of Command /usr/sbin/dmidecode failed, as command had 1 return code.
Traceback (most recent call last):
  File "/home/samanoudy/grr/grr/server/grr_response_server/flow_runner.py", line 568, in RunStateMethod
    method(responses)
  File "/home/samanoudy/grr/grr/server/grr_response_server/flows/general/collectors.py", line 585, in ProcessCollected
    self._ParseResponses(list(responses), artifact_name, source)
  File "/home/samanoudy/grr/grr/server/grr_response_server/flows/general/collectors.py", line 693, in _ParseResponses
    self)
  File "/home/samanoudy/grr/grr/server/grr_response_server/artifact.py", line 431, in ApplyParsersToResponses
    flow_obj.args.path_type))
  File "/home/samanoudy/grr/grr/core/grr_response_core/lib/parsers/linux_cmd_parser.py", line 188, in Parse
    self.CheckReturn(cmd, return_val)
  File "/home/samanoudy/grr/grr/core/grr_response_core/lib/parser.py", line 179, in CheckReturn
    "command had %s return code" % (cmd, return_val))
CommandFailedError: Parsing output of Command /usr/sbin/dmidecode failed, as command had 1 return code
ERROR:2019-02-11 21:17:24,352 32383 MainProcess 139698617960192 grr_threadpool-3721415580 flow_runner:859] Error in flow aff4:/hunts/H:1C9302B7/C.1be17baa0aeb80b5/H:5D859B4E/H:FE393195 (aff4:/C.1be17baa0aeb80b5). Trace: Traceback (most recent call last):
  File "/home/samanoudy/grr/grr/server/grr_response_server/flow_runner.py", line 568, in RunStateMethod
    method(responses)
  File "/home/samanoudy/grr/grr/server/grr_response_server/flows/general/collectors.py", line 585, in ProcessCollected
    self._ParseResponses(list(responses), artifact_name, source)
  File "/home/samanoudy/grr/grr/server/grr_response_server/flows/general/collectors.py", line 693, in _ParseResponses
    self)
  File "/home/samanoudy/grr/grr/server/grr_response_server/artifact.py", line 431, in ApplyParsersToResponses
    flow_obj.args.path_type))
  File "/home/samanoudy/grr/grr/core/grr_response_core/lib/parsers/linux_cmd_parser.py", line 188, in Parse
    self.CheckReturn(cmd, return_val)
  File "/home/samanoudy/grr/grr/core/grr_response_core/lib/parser.py", line 179, in CheckReturn
    "command had %s return code" % (cmd, return_val))
CommandFailedError: Parsing output of Command /usr/sbin/dmidecode failed, as command had 1 return code

ERROR:2019-02-11 21:20:45,164 32383 MainProcess 139698609567488 grr_threadpool-1561508763 flow_runner:584] Flow aff4:/C.1be17baa0aeb80b5/flows/F:42A09EAE/F:C8F35018 raised Parsing output of Command /usr/sbin/dmidecode failed, as command had 1 return code.
Traceback (most recent call last):
  File "/home/samanoudy/grr/grr/server/grr_response_server/flow_runner.py", line 568, in RunStateMethod
    method(responses)
  File "/home/samanoudy/grr/grr/server/grr_response_server/flows/general/collectors.py", line 585, in ProcessCollected
    self._ParseResponses(list(responses), artifact_name, source)
  File "/home/samanoudy/grr/grr/server/grr_response_server/flows/general/collectors.py", line 693, in _ParseResponses
    self)
  File "/home/samanoudy/grr/grr/server/grr_response_server/artifact.py", line 431, in ApplyParsersToResponses
    flow_obj.args.path_type))
  File "/home/samanoudy/grr/grr/core/grr_response_core/lib/parsers/linux_cmd_parser.py", line 188, in Parse
    self.CheckReturn(cmd, return_val)
  File "/home/samanoudy/grr/grr/core/grr_response_core/lib/parser.py", line 179, in CheckReturn
    "command had %s return code" % (cmd, return_val))
CommandFailedError: Parsing output of Command /usr/sbin/dmidecode failed, as command had 1 return code
ERROR:2019-02-11 21:20:45,522 32383 MainProcess 139698609567488 grr_threadpool-1561508763 flow_runner:859] Error in flow aff4:/C.1be17baa0aeb80b5/flows/F:42A09EAE/F:C8F35018 (aff4:/C.1be17baa0aeb80b5). Trace: Traceback (most recent call last):
  File "/home/samanoudy/grr/grr/server/grr_response_server/flow_runner.py", line 568, in RunStateMethod
    method(responses)
  File "/home/samanoudy/grr/grr/server/grr_response_server/flows/general/collectors.py", line 585, in ProcessCollected
    self._ParseResponses(list(responses), artifact_name, source)
  File "/home/samanoudy/grr/grr/server/grr_response_server/flows/general/collectors.py", line 693, in _ParseResponses
    self)
  File "/home/samanoudy/grr/grr/server/grr_response_server/artifact.py", line 431, in ApplyParsersToResponses
    flow_obj.args.path_type))
  File "/home/samanoudy/grr/grr/core/grr_response_core/lib/parsers/linux_cmd_parser.py", line 188, in Parse
    self.CheckReturn(cmd, return_val)
  File "/home/samanoudy/grr/grr/core/grr_response_core/lib/parser.py", line 179, in CheckReturn
    "command had %s return code" % (cmd, return_val))
CommandFailedError: Parsing output of Command /usr/sbin/dmidecode failed, as command had 1 return code

ERROR:2019-02-11 21:28:46,973 1467 MainProcess 140126831228672 grr_threadpool-1394278612 flow_runner:584] Flow aff4:/C.1be17baa0aeb80b5/flows/F:6E0E0342/F:9CDC11B1 raised Parsing output of Command /usr/sbin/dmidecode failed, as command had 1 return code.
Traceback (most recent call last):
  File "/home/samanoudy/grr/grr/server/grr_response_server/flow_runner.py", line 568, in RunStateMethod
    method(responses)
  File "/home/samanoudy/grr/grr/server/grr_response_server/flows/general/collectors.py", line 585, in ProcessCollected
    self._ParseResponses(list(responses), artifact_name, source)
  File "/home/samanoudy/grr/grr/server/grr_response_server/flows/general/collectors.py", line 693, in _ParseResponses
    self)
  File "/home/samanoudy/grr/grr/server/grr_response_server/artifact.py", line 431, in ApplyParsersToResponses
    flow_obj.args.path_type))
  File "/home/samanoudy/grr/grr/core/grr_response_core/lib/parsers/linux_cmd_parser.py", line 188, in Parse
    self.CheckReturn(cmd, return_val)
  File "/home/samanoudy/grr/grr/core/grr_response_core/lib/parser.py", line 179, in CheckReturn
    "command had %s return code" % (cmd, return_val))
CommandFailedError: Parsing output of Command /usr/sbin/dmidecode failed, as command had 1 return code
ERROR:2019-02-11 21:28:47,161 1467 MainProcess 140126831228672 grr_threadpool-1394278612 flow_runner:859] Error in flow aff4:/C.1be17baa0aeb80b5/flows/F:6E0E0342/F:9CDC11B1 (aff4:/C.1be17baa0aeb80b5). Trace: Traceback (most recent call last):
  File "/home/samanoudy/grr/grr/server/grr_response_server/flow_runner.py", line 568, in RunStateMethod
    method(responses)
  File "/home/samanoudy/grr/grr/server/grr_response_server/flows/general/collectors.py", line 585, in ProcessCollected
    self._ParseResponses(list(responses), artifact_name, source)
  File "/home/samanoudy/grr/grr/server/grr_response_server/flows/general/collectors.py", line 693, in _ParseResponses
    self)
  File "/home/samanoudy/grr/grr/server/grr_response_server/artifact.py", line 431, in ApplyParsersToResponses
    flow_obj.args.path_type))
  File "/home/samanoudy/grr/grr/core/grr_response_core/lib/parsers/linux_cmd_parser.py", line 188, in Parse
    self.CheckReturn(cmd, return_val)
  File "/home/samanoudy/grr/grr/core/grr_response_core/lib/parser.py", line 179, in CheckReturn
    "command had %s return code" % (cmd, return_val))
CommandFailedError: Parsing output of Command /usr/sbin/dmidecode failed, as command had 1 return code

ERROR:2019-02-12 20:00:13,761 13807 MainProcess 139846718830336 grr_threadpool-1149197036 flow_runner:584] Flow aff4:/C.1be17baa0aeb80b5/flows/F:83B88B03/F:ACCB4EFA raised Parsing output of Command /usr/sbin/dmidecode failed, as command had 1 return code.
Traceback (most recent call last):
  File "/home/samanoudy/grr/grr/server/grr_response_server/flow_runner.py", line 568, in RunStateMethod
    method(responses)
  File "/home/samanoudy/grr/grr/server/grr_response_server/flows/general/collectors.py", line 585, in ProcessCollected
    self._ParseResponses(list(responses), artifact_name, source)
  File "/home/samanoudy/grr/grr/server/grr_response_server/flows/general/collectors.py", line 693, in _ParseResponses
    self)
  File "/home/samanoudy/grr/grr/server/grr_response_server/artifact.py", line 431, in ApplyParsersToResponses
    flow_obj.args.path_type))
  File "/home/samanoudy/grr/grr/core/grr_response_core/lib/parsers/linux_cmd_parser.py", line 188, in Parse
    self.CheckReturn(cmd, return_val)
  File "/home/samanoudy/grr/grr/core/grr_response_core/lib/parser.py", line 179, in CheckReturn
    "command had %s return code" % (cmd, return_val))
CommandFailedError: Parsing output of Command /usr/sbin/dmidecode failed, as command had 1 return code
ERROR:2019-02-12 20:00:14,172 13807 MainProcess 139846718830336 grr_threadpool-1149197036 flow_runner:859] Error in flow aff4:/C.1be17baa0aeb80b5/flows/F:83B88B03/F:ACCB4EFA (aff4:/C.1be17baa0aeb80b5). Trace: Traceback (most recent call last):
  File "/home/samanoudy/grr/grr/server/grr_response_server/flow_runner.py", line 568, in RunStateMethod
    method(responses)
  File "/home/samanoudy/grr/grr/server/grr_response_server/flows/general/collectors.py", line 585, in ProcessCollected
    self._ParseResponses(list(responses), artifact_name, source)
  File "/home/samanoudy/grr/grr/server/grr_response_server/flows/general/collectors.py", line 693, in _ParseResponses
    self)
  File "/home/samanoudy/grr/grr/server/grr_response_server/artifact.py", line 431, in ApplyParsersToResponses
    flow_obj.args.path_type))
  File "/home/samanoudy/grr/grr/core/grr_response_core/lib/parsers/linux_cmd_parser.py", line 188, in Parse
    self.CheckReturn(cmd, return_val)
  File "/home/samanoudy/grr/grr/core/grr_response_core/lib/parser.py", line 179, in CheckReturn
    "command had %s return code" % (cmd, return_val))
CommandFailedError: Parsing output of Command /usr/sbin/dmidecode failed, as command had 1 return code

ERROR:2019-02-12 20:00:16,320 13807 MainProcess 139845544441600 grr_threadpool-1095500820 flow_runner:584] Flow aff4:/C.1be17baa0aeb80b5/flows/F:C0978B5F/F:5DAC1833 raised Parsing output of Command /usr/sbin/dmidecode failed, as command had 1 return code.
Traceback (most recent call last):
  File "/home/samanoudy/grr/grr/server/grr_response_server/flow_runner.py", line 568, in RunStateMethod
    method(responses)
  File "/home/samanoudy/grr/grr/server/grr_response_server/flows/general/collectors.py", line 585, in ProcessCollected
    self._ParseResponses(list(responses), artifact_name, source)
  File "/home/samanoudy/grr/grr/server/grr_response_server/flows/general/collectors.py", line 693, in _ParseResponses
    self)
  File "/home/samanoudy/grr/grr/server/grr_response_server/artifact.py", line 431, in ApplyParsersToResponses
    flow_obj.args.path_type))
  File "/home/samanoudy/grr/grr/core/grr_response_core/lib/parsers/linux_cmd_parser.py", line 188, in Parse
    self.CheckReturn(cmd, return_val)
  File "/home/samanoudy/grr/grr/core/grr_response_core/lib/parser.py", line 179, in CheckReturn
    "command had %s return code" % (cmd, return_val))
CommandFailedError: Parsing output of Command /usr/sbin/dmidecode failed, as command had 1 return code
ERROR:2019-02-12 20:00:16,709 13807 MainProcess 139845544441600 grr_threadpool-1095500820 flow_runner:859] Error in flow aff4:/C.1be17baa0aeb80b5/flows/F:C0978B5F/F:5DAC1833 (aff4:/C.1be17baa0aeb80b5). Trace: Traceback (most recent call last):
  File "/home/samanoudy/grr/grr/server/grr_response_server/flow_runner.py", line 568, in RunStateMethod
    method(responses)
  File "/home/samanoudy/grr/grr/server/grr_response_server/flows/general/collectors.py", line 585, in ProcessCollected
    self._ParseResponses(list(responses), artifact_name, source)
  File "/home/samanoudy/grr/grr/server/grr_response_server/flows/general/collectors.py", line 693, in _ParseResponses
    self)
  File "/home/samanoudy/grr/grr/server/grr_response_server/artifact.py", line 431, in ApplyParsersToResponses
    flow_obj.args.path_type))
  File "/home/samanoudy/grr/grr/core/grr_response_core/lib/parsers/linux_cmd_parser.py", line 188, in Parse
    self.CheckReturn(cmd, return_val)
  File "/home/samanoudy/grr/grr/core/grr_response_core/lib/parser.py", line 179, in CheckReturn
    "command had %s return code" % (cmd, return_val))
CommandFailedError: Parsing output of Command /usr/sbin/dmidecode failed, as command had 1 return code

ERROR:2019-02-12 20:08:54,877 13807 MainProcess 139847784179456 grr_threadpool-2889073 flow_runner:584] Flow aff4:/C.1be17baa0aeb80b5/flows/F:EDF3A1B4/F:22119578 raised Parsing output of Command /usr/sbin/dmidecode failed, as command had 1 return code.
Traceback (most recent call last):
  File "/home/samanoudy/grr/grr/server/grr_response_server/flow_runner.py", line 568, in RunStateMethod
    method(responses)
  File "/home/samanoudy/grr/grr/server/grr_response_server/flows/general/collectors.py", line 585, in ProcessCollected
    self._ParseResponses(list(responses), artifact_name, source)
  File "/home/samanoudy/grr/grr/server/grr_response_server/flows/general/collectors.py", line 693, in _ParseResponses
    self)
  File "/home/samanoudy/grr/grr/server/grr_response_server/artifact.py", line 431, in ApplyParsersToResponses
    flow_obj.args.path_type))
  File "/home/samanoudy/grr/grr/core/grr_response_core/lib/parsers/linux_cmd_parser.py", line 188, in Parse
    self.CheckReturn(cmd, return_val)
  File "/home/samanoudy/grr/grr/core/grr_response_core/lib/parser.py", line 179, in CheckReturn
    "command had %s return code" % (cmd, return_val))
CommandFailedError: Parsing output of Command /usr/sbin/dmidecode failed, as command had 1 return code
ERROR:2019-02-12 20:08:55,366 13807 MainProcess 139847784179456 grr_threadpool-2889073 flow_runner:859] Error in flow aff4:/C.1be17baa0aeb80b5/flows/F:EDF3A1B4/F:22119578 (aff4:/C.1be17baa0aeb80b5). Trace: Traceback (most recent call last):
  File "/home/samanoudy/grr/grr/server/grr_response_server/flow_runner.py", line 568, in RunStateMethod
    method(responses)
  File "/home/samanoudy/grr/grr/server/grr_response_server/flows/general/collectors.py", line 585, in ProcessCollected
    self._ParseResponses(list(responses), artifact_name, source)
  File "/home/samanoudy/grr/grr/server/grr_response_server/flows/general/collectors.py", line 693, in _ParseResponses
    self)
  File "/home/samanoudy/grr/grr/server/grr_response_server/artifact.py", line 431, in ApplyParsersToResponses
    flow_obj.args.path_type))
  File "/home/samanoudy/grr/grr/core/grr_response_core/lib/parsers/linux_cmd_parser.py", line 188, in Parse
    self.CheckReturn(cmd, return_val)
  File "/home/samanoudy/grr/grr/core/grr_response_core/lib/parser.py", line 179, in CheckReturn
    "command had %s return code" % (cmd, return_val))
CommandFailedError: Parsing output of Command /usr/sbin/dmidecode failed, as command had 1 return code

ERROR:2019-02-12 20:09:10,526 13807 MainProcess 139845636695808 grr_threadpool-2211840268 flow_runner:584] Flow aff4:/C.1be17baa0aeb80b5/flows/F:A472D7FC/F:315A509E raised Parsing output of Command /usr/sbin/dmidecode failed, as command had 1 return code.
Traceback (most recent call last):
  File "/home/samanoudy/grr/grr/server/grr_response_server/flow_runner.py", line 568, in RunStateMethod
    method(responses)
  File "/home/samanoudy/grr/grr/server/grr_response_server/flows/general/collectors.py", line 585, in ProcessCollected
    self._ParseResponses(list(responses), artifact_name, source)
  File "/home/samanoudy/grr/grr/server/grr_response_server/flows/general/collectors.py", line 693, in _ParseResponses
    self)
  File "/home/samanoudy/grr/grr/server/grr_response_server/artifact.py", line 431, in ApplyParsersToResponses
    flow_obj.args.path_type))
  File "/home/samanoudy/grr/grr/core/grr_response_core/lib/parsers/linux_cmd_parser.py", line 188, in Parse
    self.CheckReturn(cmd, return_val)
  File "/home/samanoudy/grr/grr/core/grr_response_core/lib/parser.py", line 179, in CheckReturn
    "command had %s return code" % (cmd, return_val))
CommandFailedError: Parsing output of Command /usr/sbin/dmidecode failed, as command had 1 return code
ERROR:2019-02-12 20:09:10,792 13807 MainProcess 139845636695808 grr_threadpool-2211840268 flow_runner:859] Error in flow aff4:/C.1be17baa0aeb80b5/flows/F:A472D7FC/F:315A509E (aff4:/C.1be17baa0aeb80b5). Trace: Traceback (most recent call last):
  File "/home/samanoudy/grr/grr/server/grr_response_server/flow_runner.py", line 568, in RunStateMethod
    method(responses)
  File "/home/samanoudy/grr/grr/server/grr_response_server/flows/general/collectors.py", line 585, in ProcessCollected
    self._ParseResponses(list(responses), artifact_name, source)
  File "/home/samanoudy/grr/grr/server/grr_response_server/flows/general/collectors.py", line 693, in _ParseResponses
    self)
  File "/home/samanoudy/grr/grr/server/grr_response_server/artifact.py", line 431, in ApplyParsersToResponses
    flow_obj.args.path_type))
  File "/home/samanoudy/grr/grr/core/grr_response_core/lib/parsers/linux_cmd_parser.py", line 188, in Parse
    self.CheckReturn(cmd, return_val)
  File "/home/samanoudy/grr/grr/core/grr_response_core/lib/parser.py", line 179, in CheckReturn
    "command had %s return code" % (cmd, return_val))
CommandFailedError: Parsing output of Command /usr/sbin/dmidecode failed, as command had 1 return code

ERROR:2019-02-12 20:43:47,009 13807 MainProcess 139847792572160 grr_threadpool-541430713 flow_runner:584] Flow aff4:/C.1be17baa0aeb80b5/flows/F:5DE10EE8/F:E7C6B83 raised Parsing output of Command /usr/sbin/dmidecode failed, as command had 1 return code.
Traceback (most recent call last):
  File "/home/samanoudy/grr/grr/server/grr_response_server/flow_runner.py", line 568, in RunStateMethod
    method(responses)
  File "/home/samanoudy/grr/grr/server/grr_response_server/flows/general/collectors.py", line 585, in ProcessCollected
    self._ParseResponses(list(responses), artifact_name, source)
  File "/home/samanoudy/grr/grr/server/grr_response_server/flows/general/collectors.py", line 693, in _ParseResponses
    self)
  File "/home/samanoudy/grr/grr/server/grr_response_server/artifact.py", line 431, in ApplyParsersToResponses
    flow_obj.args.path_type))
  File "/home/samanoudy/grr/grr/core/grr_response_core/lib/parsers/linux_cmd_parser.py", line 188, in Parse
    self.CheckReturn(cmd, return_val)
  File "/home/samanoudy/grr/grr/core/grr_response_core/lib/parser.py", line 179, in CheckReturn
    "command had %s return code" % (cmd, return_val))
CommandFailedError: Parsing output of Command /usr/sbin/dmidecode failed, as command had 1 return code
ERROR:2019-02-12 20:43:47,344 13807 MainProcess 139847792572160 grr_threadpool-541430713 flow_runner:859] Error in flow aff4:/C.1be17baa0aeb80b5/flows/F:5DE10EE8/F:E7C6B83 (aff4:/C.1be17baa0aeb80b5). Trace: Traceback (most recent call last):
  File "/home/samanoudy/grr/grr/server/grr_response_server/flow_runner.py", line 568, in RunStateMethod
    method(responses)
  File "/home/samanoudy/grr/grr/server/grr_response_server/flows/general/collectors.py", line 585, in ProcessCollected
    self._ParseResponses(list(responses), artifact_name, source)
  File "/home/samanoudy/grr/grr/server/grr_response_server/flows/general/collectors.py", line 693, in _ParseResponses
    self)
  File "/home/samanoudy/grr/grr/server/grr_response_server/artifact.py", line 431, in ApplyParsersToResponses
    flow_obj.args.path_type))
  File "/home/samanoudy/grr/grr/core/grr_response_core/lib/parsers/linux_cmd_parser.py", line 188, in Parse
    self.CheckReturn(cmd, return_val)
  File "/home/samanoudy/grr/grr/core/grr_response_core/lib/parser.py", line 179, in CheckReturn
    "command had %s return code" % (cmd, return_val))
CommandFailedError: Parsing output of Command /usr/sbin/dmidecode failed, as command had 1 return code

ERROR:2019-02-12 20:43:48,842 13807 MainProcess 139846702044928 grr_threadpool-2873745796 flow_runner:584] Flow aff4:/C.1be17baa0aeb80b5/flows/F:6430D7DE/F:D11B4F6D raised Parsing output of Command /usr/sbin/dmidecode failed, as command had 1 return code.
Traceback (most recent call last):
  File "/home/samanoudy/grr/grr/server/grr_response_server/flow_runner.py", line 568, in RunStateMethod
    method(responses)
  File "/home/samanoudy/grr/grr/server/grr_response_server/flows/general/collectors.py", line 585, in ProcessCollected
    self._ParseResponses(list(responses), artifact_name, source)
  File "/home/samanoudy/grr/grr/server/grr_response_server/flows/general/collectors.py", line 693, in _ParseResponses
    self)
  File "/home/samanoudy/grr/grr/server/grr_response_server/artifact.py", line 431, in ApplyParsersToResponses
    flow_obj.args.path_type))
  File "/home/samanoudy/grr/grr/core/grr_response_core/lib/parsers/linux_cmd_parser.py", line 188, in Parse
    self.CheckReturn(cmd, return_val)
  File "/home/samanoudy/grr/grr/core/grr_response_core/lib/parser.py", line 179, in CheckReturn
    "command had %s return code" % (cmd, return_val))
CommandFailedError: Parsing output of Command /usr/sbin/dmidecode failed, as command had 1 return code
ERROR:2019-02-12 20:43:49,233 13807 MainProcess 139846702044928 grr_threadpool-2873745796 flow_runner:859] Error in flow aff4:/C.1be17baa0aeb80b5/flows/F:6430D7DE/F:D11B4F6D (aff4:/C.1be17baa0aeb80b5). Trace: Traceback (most recent call last):
  File "/home/samanoudy/grr/grr/server/grr_response_server/flow_runner.py", line 568, in RunStateMethod
    method(responses)
  File "/home/samanoudy/grr/grr/server/grr_response_server/flows/general/collectors.py", line 585, in ProcessCollected
    self._ParseResponses(list(responses), artifact_name, source)
  File "/home/samanoudy/grr/grr/server/grr_response_server/flows/general/collectors.py", line 693, in _ParseResponses
    self)
  File "/home/samanoudy/grr/grr/server/grr_response_server/artifact.py", line 431, in ApplyParsersToResponses
    flow_obj.args.path_type))
  File "/home/samanoudy/grr/grr/core/grr_response_core/lib/parsers/linux_cmd_parser.py", line 188, in Parse
    self.CheckReturn(cmd, return_val)
  File "/home/samanoudy/grr/grr/core/grr_response_core/lib/parser.py", line 179, in CheckReturn
    "command had %s return code" % (cmd, return_val))
CommandFailedError: Parsing output of Command /usr/sbin/dmidecode failed, as command had 1 return code

ERROR:2019-02-12 20:44:39,835 13807 MainProcess 139845494085376 grr_threadpool-2702106170 flow_runner:584] Flow aff4:/C.1be17baa0aeb80b5/flows/F:A7F31A5E/F:FC397067 raised Parsing output of Command /usr/sbin/dmidecode failed, as command had 1 return code.
Traceback (most recent call last):
  File "/home/samanoudy/grr/grr/server/grr_response_server/flow_runner.py", line 568, in RunStateMethod
    method(responses)
  File "/home/samanoudy/grr/grr/server/grr_response_server/flows/general/collectors.py", line 585, in ProcessCollected
    self._ParseResponses(list(responses), artifact_name, source)
  File "/home/samanoudy/grr/grr/server/grr_response_server/flows/general/collectors.py", line 693, in _ParseResponses
    self)
  File "/home/samanoudy/grr/grr/server/grr_response_server/artifact.py", line 431, in ApplyParsersToResponses
    flow_obj.args.path_type))
  File "/home/samanoudy/grr/grr/core/grr_response_core/lib/parsers/linux_cmd_parser.py", line 188, in Parse
    self.CheckReturn(cmd, return_val)
  File "/home/samanoudy/grr/grr/core/grr_response_core/lib/parser.py", line 179, in CheckReturn
    "command had %s return code" % (cmd, return_val))
CommandFailedError: Parsing output of Command /usr/sbin/dmidecode failed, as command had 1 return code
ERROR:2019-02-12 20:44:40,225 13807 MainProcess 139845494085376 grr_threadpool-2702106170 flow_runner:859] Error in flow aff4:/C.1be17baa0aeb80b5/flows/F:A7F31A5E/F:FC397067 (aff4:/C.1be17baa0aeb80b5). Trace: Traceback (most recent call last):
  File "/home/samanoudy/grr/grr/server/grr_response_server/flow_runner.py", line 568, in RunStateMethod
    method(responses)
  File "/home/samanoudy/grr/grr/server/grr_response_server/flows/general/collectors.py", line 585, in ProcessCollected
    self._ParseResponses(list(responses), artifact_name, source)
  File "/home/samanoudy/grr/grr/server/grr_response_server/flows/general/collectors.py", line 693, in _ParseResponses
    self)
  File "/home/samanoudy/grr/grr/server/grr_response_server/artifact.py", line 431, in ApplyParsersToResponses
    flow_obj.args.path_type))
  File "/home/samanoudy/grr/grr/core/grr_response_core/lib/parsers/linux_cmd_parser.py", line 188, in Parse
    self.CheckReturn(cmd, return_val)
  File "/home/samanoudy/grr/grr/core/grr_response_core/lib/parser.py", line 179, in CheckReturn
    "command had %s return code" % (cmd, return_val))
CommandFailedError: Parsing output of Command /usr/sbin/dmidecode failed, as command had 1 return code

ERROR:2019-02-12 20:45:08,232 13807 MainProcess 139845661873920 grr_threadpool-4233439420 flow_runner:584] Flow aff4:/C.1be17baa0aeb80b5/flows/F:902F47EE/F:3A2978F0 raised Parsing output of Command /usr/sbin/dmidecode failed, as command had 1 return code.
Traceback (most recent call last):
  File "/home/samanoudy/grr/grr/server/grr_response_server/flow_runner.py", line 568, in RunStateMethod
    method(responses)
  File "/home/samanoudy/grr/grr/server/grr_response_server/flows/general/collectors.py", line 585, in ProcessCollected
    self._ParseResponses(list(responses), artifact_name, source)
  File "/home/samanoudy/grr/grr/server/grr_response_server/flows/general/collectors.py", line 693, in _ParseResponses
    self)
  File "/home/samanoudy/grr/grr/server/grr_response_server/artifact.py", line 431, in ApplyParsersToResponses
    flow_obj.args.path_type))
  File "/home/samanoudy/grr/grr/core/grr_response_core/lib/parsers/linux_cmd_parser.py", line 188, in Parse
    self.CheckReturn(cmd, return_val)
  File "/home/samanoudy/grr/grr/core/grr_response_core/lib/parser.py", line 179, in CheckReturn
    "command had %s return code" % (cmd, return_val))
CommandFailedError: Parsing output of Command /usr/sbin/dmidecode failed, as command had 1 return code
ERROR:2019-02-12 20:45:08,599 13807 MainProcess 139845661873920 grr_threadpool-4233439420 flow_runner:859] Error in flow aff4:/C.1be17baa0aeb80b5/flows/F:902F47EE/F:3A2978F0 (aff4:/C.1be17baa0aeb80b5). Trace: Traceback (most recent call last):
  File "/home/samanoudy/grr/grr/server/grr_response_server/flow_runner.py", line 568, in RunStateMethod
    method(responses)
  File "/home/samanoudy/grr/grr/server/grr_response_server/flows/general/collectors.py", line 585, in ProcessCollected
    self._ParseResponses(list(responses), artifact_name, source)
  File "/home/samanoudy/grr/grr/server/grr_response_server/flows/general/collectors.py", line 693, in _ParseResponses
    self)
  File "/home/samanoudy/grr/grr/server/grr_response_server/artifact.py", line 431, in ApplyParsersToResponses
    flow_obj.args.path_type))
  File "/home/samanoudy/grr/grr/core/grr_response_core/lib/parsers/linux_cmd_parser.py", line 188, in Parse
    self.CheckReturn(cmd, return_val)
  File "/home/samanoudy/grr/grr/core/grr_response_core/lib/parser.py", line 179, in CheckReturn
    "command had %s return code" % (cmd, return_val))
CommandFailedError: Parsing output of Command /usr/sbin/dmidecode failed, as command had 1 return code

ERROR:2019-02-12 20:49:09,145 13807 MainProcess 139846710437632 grr_threadpool-3824627840 flow_runner:584] Flow aff4:/C.1be17baa0aeb80b5/flows/F:1142A69C/F:11F9A63F raised Parsing output of Command /usr/sbin/dmidecode failed, as command had 1 return code.
Traceback (most recent call last):
  File "/home/samanoudy/grr/grr/server/grr_response_server/flow_runner.py", line 568, in RunStateMethod
    method(responses)
  File "/home/samanoudy/grr/grr/server/grr_response_server/flows/general/collectors.py", line 585, in ProcessCollected
    self._ParseResponses(list(responses), artifact_name, source)
  File "/home/samanoudy/grr/grr/server/grr_response_server/flows/general/collectors.py", line 693, in _ParseResponses
    self)
  File "/home/samanoudy/grr/grr/server/grr_response_server/artifact.py", line 431, in ApplyParsersToResponses
    flow_obj.args.path_type))
  File "/home/samanoudy/grr/grr/core/grr_response_core/lib/parsers/linux_cmd_parser.py", line 188, in Parse
    self.CheckReturn(cmd, return_val)
  File "/home/samanoudy/grr/grr/core/grr_response_core/lib/parser.py", line 179, in CheckReturn
    "command had %s return code" % (cmd, return_val))
CommandFailedError: Parsing output of Command /usr/sbin/dmidecode failed, as command had 1 return code
ERROR:2019-02-12 20:49:09,605 13807 MainProcess 139846710437632 grr_threadpool-3824627840 flow_runner:859] Error in flow aff4:/C.1be17baa0aeb80b5/flows/F:1142A69C/F:11F9A63F (aff4:/C.1be17baa0aeb80b5). Trace: Traceback (most recent call last):
  File "/home/samanoudy/grr/grr/server/grr_response_server/flow_runner.py", line 568, in RunStateMethod
    method(responses)
  File "/home/samanoudy/grr/grr/server/grr_response_server/flows/general/collectors.py", line 585, in ProcessCollected
    self._ParseResponses(list(responses), artifact_name, source)
  File "/home/samanoudy/grr/grr/server/grr_response_server/flows/general/collectors.py", line 693, in _ParseResponses
    self)
  File "/home/samanoudy/grr/grr/server/grr_response_server/artifact.py", line 431, in ApplyParsersToResponses
    flow_obj.args.path_type))
  File "/home/samanoudy/grr/grr/core/grr_response_core/lib/parsers/linux_cmd_parser.py", line 188, in Parse
    self.CheckReturn(cmd, return_val)
  File "/home/samanoudy/grr/grr/core/grr_response_core/lib/parser.py", line 179, in CheckReturn
    "command had %s return code" % (cmd, return_val))
CommandFailedError: Parsing output of Command /usr/sbin/dmidecode failed, as command had 1 return code

ERROR:2019-02-12 20:49:27,922 13807 MainProcess 139846173566720 grr_threadpool-2204054611 flow_runner:584] Flow aff4:/C.1be17baa0aeb80b5/flows/F:803C5AB7/F:19380189 raised Parsing output of Command /usr/sbin/dmidecode failed, as command had 1 return code.
Traceback (most recent call last):
  File "/home/samanoudy/grr/grr/server/grr_response_server/flow_runner.py", line 568, in RunStateMethod
    method(responses)
  File "/home/samanoudy/grr/grr/server/grr_response_server/flows/general/collectors.py", line 585, in ProcessCollected
    self._ParseResponses(list(responses), artifact_name, source)
  File "/home/samanoudy/grr/grr/server/grr_response_server/flows/general/collectors.py", line 693, in _ParseResponses
    self)
  File "/home/samanoudy/grr/grr/server/grr_response_server/artifact.py", line 431, in ApplyParsersToResponses
    flow_obj.args.path_type))
  File "/home/samanoudy/grr/grr/core/grr_response_core/lib/parsers/linux_cmd_parser.py", line 188, in Parse
    self.CheckReturn(cmd, return_val)
  File "/home/samanoudy/grr/grr/core/grr_response_core/lib/parser.py", line 179, in CheckReturn
    "command had %s return code" % (cmd, return_val))
CommandFailedError: Parsing output of Command /usr/sbin/dmidecode failed, as command had 1 return code
ERROR:2019-02-12 20:49:28,323 13807 MainProcess 139846173566720 grr_threadpool-2204054611 flow_runner:859] Error in flow aff4:/C.1be17baa0aeb80b5/flows/F:803C5AB7/F:19380189 (aff4:/C.1be17baa0aeb80b5). Trace: Traceback (most recent call last):
  File "/home/samanoudy/grr/grr/server/grr_response_server/flow_runner.py", line 568, in RunStateMethod
    method(responses)
  File "/home/samanoudy/grr/grr/server/grr_response_server/flows/general/collectors.py", line 585, in ProcessCollected
    self._ParseResponses(list(responses), artifact_name, source)
  File "/home/samanoudy/grr/grr/server/grr_response_server/flows/general/collectors.py", line 693, in _ParseResponses
    self)
  File "/home/samanoudy/grr/grr/server/grr_response_server/artifact.py", line 431, in ApplyParsersToResponses
    flow_obj.args.path_type))
  File "/home/samanoudy/grr/grr/core/grr_response_core/lib/parsers/linux_cmd_parser.py", line 188, in Parse
    self.CheckReturn(cmd, return_val)
  File "/home/samanoudy/grr/grr/core/grr_response_core/lib/parser.py", line 179, in CheckReturn
    "command had %s return code" % (cmd, return_val))
CommandFailedError: Parsing output of Command /usr/sbin/dmidecode failed, as command had 1 return code

ERROR:2019-02-12 20:49:30,057 13807 MainProcess 139846744008448 grr_threadpool-1294719618 flow_runner:584] Flow aff4:/C.1be17baa0aeb80b5/flows/F:583FE1CD/F:1BD8C92D raised Parsing output of Command /usr/sbin/dmidecode failed, as command had 1 return code.
Traceback (most recent call last):
  File "/home/samanoudy/grr/grr/server/grr_response_server/flow_runner.py", line 568, in RunStateMethod
    method(responses)
  File "/home/samanoudy/grr/grr/server/grr_response_server/flows/general/collectors.py", line 585, in ProcessCollected
    self._ParseResponses(list(responses), artifact_name, source)
  File "/home/samanoudy/grr/grr/server/grr_response_server/flows/general/collectors.py", line 693, in _ParseResponses
    self)
  File "/home/samanoudy/grr/grr/server/grr_response_server/artifact.py", line 431, in ApplyParsersToResponses
    flow_obj.args.path_type))
  File "/home/samanoudy/grr/grr/core/grr_response_core/lib/parsers/linux_cmd_parser.py", line 188, in Parse
    self.CheckReturn(cmd, return_val)
  File "/home/samanoudy/grr/grr/core/grr_response_core/lib/parser.py", line 179, in CheckReturn
    "command had %s return code" % (cmd, return_val))
CommandFailedError: Parsing output of Command /usr/sbin/dmidecode failed, as command had 1 return code
ERROR:2019-02-12 20:49:30,483 13807 MainProcess 139846744008448 grr_threadpool-1294719618 flow_runner:859] Error in flow aff4:/C.1be17baa0aeb80b5/flows/F:583FE1CD/F:1BD8C92D (aff4:/C.1be17baa0aeb80b5). Trace: Traceback (most recent call last):
  File "/home/samanoudy/grr/grr/server/grr_response_server/flow_runner.py", line 568, in RunStateMethod
    method(responses)
  File "/home/samanoudy/grr/grr/server/grr_response_server/flows/general/collectors.py", line 585, in ProcessCollected
    self._ParseResponses(list(responses), artifact_name, source)
  File "/home/samanoudy/grr/grr/server/grr_response_server/flows/general/collectors.py", line 693, in _ParseResponses
    self)
  File "/home/samanoudy/grr/grr/server/grr_response_server/artifact.py", line 431, in ApplyParsersToResponses
    flow_obj.args.path_type))
  File "/home/samanoudy/grr/grr/core/grr_response_core/lib/parsers/linux_cmd_parser.py", line 188, in Parse
    self.CheckReturn(cmd, return_val)
  File "/home/samanoudy/grr/grr/core/grr_response_core/lib/parser.py", line 179, in CheckReturn
    "command had %s return code" % (cmd, return_val))
CommandFailedError: Parsing output of Command /usr/sbin/dmidecode failed, as command had 1 return code

ERROR:2019-02-12 21:26:42,780 13807 MainProcess 139847280879360 grr_threadpool-3045684706 flow_runner:584] Flow aff4:/C.1be17baa0aeb80b5/flows/F:39FD2416/F:96C05C12 raised Parsing output of Command /usr/sbin/dmidecode failed, as command had 1 return code.
Traceback (most recent call last):
  File "/home/samanoudy/grr/grr/server/grr_response_server/flow_runner.py", line 568, in RunStateMethod
    method(responses)
  File "/home/samanoudy/grr/grr/server/grr_response_server/flows/general/collectors.py", line 585, in ProcessCollected
    self._ParseResponses(list(responses), artifact_name, source)
  File "/home/samanoudy/grr/grr/server/grr_response_server/flows/general/collectors.py", line 693, in _ParseResponses
    self)
  File "/home/samanoudy/grr/grr/server/grr_response_server/artifact.py", line 431, in ApplyParsersToResponses
    flow_obj.args.path_type))
  File "/home/samanoudy/grr/grr/core/grr_response_core/lib/parsers/linux_cmd_parser.py", line 188, in Parse
    self.CheckReturn(cmd, return_val)
  File "/home/samanoudy/grr/grr/core/grr_response_core/lib/parser.py", line 179, in CheckReturn
    "command had %s return code" % (cmd, return_val))
CommandFailedError: Parsing output of Command /usr/sbin/dmidecode failed, as command had 1 return code
ERROR:2019-02-12 21:26:43,012 13807 MainProcess 139847280879360 grr_threadpool-3045684706 flow_runner:859] Error in flow aff4:/C.1be17baa0aeb80b5/flows/F:39FD2416/F:96C05C12 (aff4:/C.1be17baa0aeb80b5). Trace: Traceback (most recent call last):
  File "/home/samanoudy/grr/grr/server/grr_response_server/flow_runner.py", line 568, in RunStateMethod
    method(responses)
  File "/home/samanoudy/grr/grr/server/grr_response_server/flows/general/collectors.py", line 585, in ProcessCollected
    self._ParseResponses(list(responses), artifact_name, source)
  File "/home/samanoudy/grr/grr/server/grr_response_server/flows/general/collectors.py", line 693, in _ParseResponses
    self)
  File "/home/samanoudy/grr/grr/server/grr_response_server/artifact.py", line 431, in ApplyParsersToResponses
    flow_obj.args.path_type))
  File "/home/samanoudy/grr/grr/core/grr_response_core/lib/parsers/linux_cmd_parser.py", line 188, in Parse
    self.CheckReturn(cmd, return_val)
  File "/home/samanoudy/grr/grr/core/grr_response_core/lib/parser.py", line 179, in CheckReturn
    "command had %s return code" % (cmd, return_val))
CommandFailedError: Parsing output of Command /usr/sbin/dmidecode failed, as command had 1 return code

ERROR:2019-02-13 22:11:02,772 13807 MainProcess 139846752401152 grr_threadpool-2786808991 flow_runner:584] Flow aff4:/C.1be17baa0aeb80b5/flows/F:2D01B543/F:4FE3B688 raised Parsing output of Command /usr/sbin/dmidecode failed, as command had 1 return code.
Traceback (most recent call last):
  File "/home/samanoudy/grr/grr/server/grr_response_server/flow_runner.py", line 568, in RunStateMethod
    method(responses)
  File "/home/samanoudy/grr/grr/server/grr_response_server/flows/general/collectors.py", line 585, in ProcessCollected
    self._ParseResponses(list(responses), artifact_name, source)
  File "/home/samanoudy/grr/grr/server/grr_response_server/flows/general/collectors.py", line 693, in _ParseResponses
    self)
  File "/home/samanoudy/grr/grr/server/grr_response_server/artifact.py", line 431, in ApplyParsersToResponses
    flow_obj.args.path_type))
  File "/home/samanoudy/grr/grr/core/grr_response_core/lib/parsers/linux_cmd_parser.py", line 188, in Parse
    self.CheckReturn(cmd, return_val)
  File "/home/samanoudy/grr/grr/core/grr_response_core/lib/parser.py", line 179, in CheckReturn
    "command had %s return code" % (cmd, return_val))
CommandFailedError: Parsing output of Command /usr/sbin/dmidecode failed, as command had 1 return code
ERROR:2019-02-13 22:11:03,039 13807 MainProcess 139846752401152 grr_threadpool-2786808991 flow_runner:859] Error in flow aff4:/C.1be17baa0aeb80b5/flows/F:2D01B543/F:4FE3B688 (aff4:/C.1be17baa0aeb80b5). Trace: Traceback (most recent call last):
  File "/home/samanoudy/grr/grr/server/grr_response_server/flow_runner.py", line 568, in RunStateMethod
    method(responses)
  File "/home/samanoudy/grr/grr/server/grr_response_server/flows/general/collectors.py", line 585, in ProcessCollected
    self._ParseResponses(list(responses), artifact_name, source)
  File "/home/samanoudy/grr/grr/server/grr_response_server/flows/general/collectors.py", line 693, in _ParseResponses
    self)
  File "/home/samanoudy/grr/grr/server/grr_response_server/artifact.py", line 431, in ApplyParsersToResponses
    flow_obj.args.path_type))
  File "/home/samanoudy/grr/grr/core/grr_response_core/lib/parsers/linux_cmd_parser.py", line 188, in Parse
    self.CheckReturn(cmd, return_val)
  File "/home/samanoudy/grr/grr/core/grr_response_core/lib/parser.py", line 179, in CheckReturn
    "command had %s return code" % (cmd, return_val))
CommandFailedError: Parsing output of Command /usr/sbin/dmidecode failed, as command had 1 return code

ERROR:2019-02-14 14:36:59,942 13807 MainProcess 139847272224512 grr_threadpool-2070153029 flow_runner:584] Flow aff4:/C.1be17baa0aeb80b5/flows/F:16B7EC80/F:BB9EB055 raised Parsing output of Command /usr/sbin/dmidecode failed, as command had 1 return code.
Traceback (most recent call last):
  File "/home/samanoudy/grr/grr/server/grr_response_server/flow_runner.py", line 568, in RunStateMethod
    method(responses)
  File "/home/samanoudy/grr/grr/server/grr_response_server/flows/general/collectors.py", line 585, in ProcessCollected
    self._ParseResponses(list(responses), artifact_name, source)
  File "/home/samanoudy/grr/grr/server/grr_response_server/flows/general/collectors.py", line 693, in _ParseResponses
    self)
  File "/home/samanoudy/grr/grr/server/grr_response_server/artifact.py", line 431, in ApplyParsersToResponses
    flow_obj.args.path_type))
  File "/home/samanoudy/grr/grr/core/grr_response_core/lib/parsers/linux_cmd_parser.py", line 188, in Parse
    self.CheckReturn(cmd, return_val)
  File "/home/samanoudy/grr/grr/core/grr_response_core/lib/parser.py", line 179, in CheckReturn
    "command had %s return code" % (cmd, return_val))
CommandFailedError: Parsing output of Command /usr/sbin/dmidecode failed, as command had 1 return code
ERROR:2019-02-14 14:37:00,255 13807 MainProcess 139847272224512 grr_threadpool-2070153029 flow_runner:859] Error in flow aff4:/C.1be17baa0aeb80b5/flows/F:16B7EC80/F:BB9EB055 (aff4:/C.1be17baa0aeb80b5). Trace: Traceback (most recent call last):
  File "/home/samanoudy/grr/grr/server/grr_response_server/flow_runner.py", line 568, in RunStateMethod
    method(responses)
  File "/home/samanoudy/grr/grr/server/grr_response_server/flows/general/collectors.py", line 585, in ProcessCollected
    self._ParseResponses(list(responses), artifact_name, source)
  File "/home/samanoudy/grr/grr/server/grr_response_server/flows/general/collectors.py", line 693, in _ParseResponses
    self)
  File "/home/samanoudy/grr/grr/server/grr_response_server/artifact.py", line 431, in ApplyParsersToResponses
    flow_obj.args.path_type))
  File "/home/samanoudy/grr/grr/core/grr_response_core/lib/parsers/linux_cmd_parser.py", line 188, in Parse
    self.CheckReturn(cmd, return_val)
  File "/home/samanoudy/grr/grr/core/grr_response_core/lib/parser.py", line 179, in CheckReturn
    "command had %s return code" % (cmd, return_val))
CommandFailedError: Parsing output of Command /usr/sbin/dmidecode failed, as command had 1 return code

ERROR:2019-02-14 14:38:37,636 13807 MainProcess 139846173566720 grr_threadpool-387077805 flow_runner:584] Flow aff4:/C.1be17baa0aeb80b5/flows/F:C0DCD92A/F:7B715C04 raised Parsing output of Command /usr/sbin/dmidecode failed, as command had 1 return code.
Traceback (most recent call last):
  File "/home/samanoudy/grr/grr/server/grr_response_server/flow_runner.py", line 568, in RunStateMethod
    method(responses)
  File "/home/samanoudy/grr/grr/server/grr_response_server/flows/general/collectors.py", line 585, in ProcessCollected
    self._ParseResponses(list(responses), artifact_name, source)
  File "/home/samanoudy/grr/grr/server/grr_response_server/flows/general/collectors.py", line 693, in _ParseResponses
    self)
  File "/home/samanoudy/grr/grr/server/grr_response_server/artifact.py", line 431, in ApplyParsersToResponses
    flow_obj.args.path_type))
  File "/home/samanoudy/grr/grr/core/grr_response_core/lib/parsers/linux_cmd_parser.py", line 188, in Parse
    self.CheckReturn(cmd, return_val)
  File "/home/samanoudy/grr/grr/core/grr_response_core/lib/parser.py", line 179, in CheckReturn
    "command had %s return code" % (cmd, return_val))
CommandFailedError: Parsing output of Command /usr/sbin/dmidecode failed, as command had 1 return code
ERROR:2019-02-14 14:38:38,158 13807 MainProcess 139846173566720 grr_threadpool-387077805 flow_runner:859] Error in flow aff4:/C.1be17baa0aeb80b5/flows/F:C0DCD92A/F:7B715C04 (aff4:/C.1be17baa0aeb80b5). Trace: Traceback (most recent call last):
  File "/home/samanoudy/grr/grr/server/grr_response_server/flow_runner.py", line 568, in RunStateMethod
    method(responses)
  File "/home/samanoudy/grr/grr/server/grr_response_server/flows/general/collectors.py", line 585, in ProcessCollected
    self._ParseResponses(list(responses), artifact_name, source)
  File "/home/samanoudy/grr/grr/server/grr_response_server/flows/general/collectors.py", line 693, in _ParseResponses
    self)
  File "/home/samanoudy/grr/grr/server/grr_response_server/artifact.py", line 431, in ApplyParsersToResponses
    flow_obj.args.path_type))
  File "/home/samanoudy/grr/grr/core/grr_response_core/lib/parsers/linux_cmd_parser.py", line 188, in Parse
    self.CheckReturn(cmd, return_val)
  File "/home/samanoudy/grr/grr/core/grr_response_core/lib/parser.py", line 179, in CheckReturn
    "command had %s return code" % (cmd, return_val))
CommandFailedError: Parsing output of Command /usr/sbin/dmidecode failed, as command had 1 return code

ERROR:2019-02-14 14:46:55,041 13807 MainProcess 139847289009920 grr_threadpool-3265942477 flow_runner:584] Flow aff4:/C.1be17baa0aeb80b5/flows/F:6AC6FED1/F:4B23A8AE raised Parsing output of Command /usr/sbin/dmidecode failed, as command had 1 return code.
Traceback (most recent call last):
  File "/home/samanoudy/grr/grr/server/grr_response_server/flow_runner.py", line 568, in RunStateMethod
    method(responses)
  File "/home/samanoudy/grr/grr/server/grr_response_server/flows/general/collectors.py", line 585, in ProcessCollected
    self._ParseResponses(list(responses), artifact_name, source)
  File "/home/samanoudy/grr/grr/server/grr_response_server/flows/general/collectors.py", line 693, in _ParseResponses
    self)
  File "/home/samanoudy/grr/grr/server/grr_response_server/artifact.py", line 431, in ApplyParsersToResponses
    flow_obj.args.path_type))
  File "/home/samanoudy/grr/grr/core/grr_response_core/lib/parsers/linux_cmd_parser.py", line 188, in Parse
    self.CheckReturn(cmd, return_val)
  File "/home/samanoudy/grr/grr/core/grr_response_core/lib/parser.py", line 179, in CheckReturn
    "command had %s return code" % (cmd, return_val))
CommandFailedError: Parsing output of Command /usr/sbin/dmidecode failed, as command had 1 return code
ERROR:2019-02-14 14:46:55,518 13807 MainProcess 139847289009920 grr_threadpool-3265942477 flow_runner:859] Error in flow aff4:/C.1be17baa0aeb80b5/flows/F:6AC6FED1/F:4B23A8AE (aff4:/C.1be17baa0aeb80b5). Trace: Traceback (most recent call last):
  File "/home/samanoudy/grr/grr/server/grr_response_server/flow_runner.py", line 568, in RunStateMethod
    method(responses)
  File "/home/samanoudy/grr/grr/server/grr_response_server/flows/general/collectors.py", line 585, in ProcessCollected
    self._ParseResponses(list(responses), artifact_name, source)
  File "/home/samanoudy/grr/grr/server/grr_response_server/flows/general/collectors.py", line 693, in _ParseResponses
    self)
  File "/home/samanoudy/grr/grr/server/grr_response_server/artifact.py", line 431, in ApplyParsersToResponses
    flow_obj.args.path_type))
  File "/home/samanoudy/grr/grr/core/grr_response_core/lib/parsers/linux_cmd_parser.py", line 188, in Parse
    self.CheckReturn(cmd, return_val)
  File "/home/samanoudy/grr/grr/core/grr_response_core/lib/parser.py", line 179, in CheckReturn
    "command had %s return code" % (cmd, return_val))
CommandFailedError: Parsing output of Command /usr/sbin/dmidecode failed, as command had 1 return code

ERROR:2019-02-14 14:47:33,437 13807 MainProcess 139847263569664 grr_threadpool-1394970803 flow_runner:584] Flow aff4:/C.1be17baa0aeb80b5/flows/F:AB32CE7B/F:19BAE01F raised Parsing output of Command /usr/sbin/dmidecode failed, as command had 1 return code.
Traceback (most recent call last):
  File "/home/samanoudy/grr/grr/server/grr_response_server/flow_runner.py", line 568, in RunStateMethod
    method(responses)
  File "/home/samanoudy/grr/grr/server/grr_response_server/flows/general/collectors.py", line 585, in ProcessCollected
    self._ParseResponses(list(responses), artifact_name, source)
  File "/home/samanoudy/grr/grr/server/grr_response_server/flows/general/collectors.py", line 693, in _ParseResponses
    self)
  File "/home/samanoudy/grr/grr/server/grr_response_server/artifact.py", line 431, in ApplyParsersToResponses
    flow_obj.args.path_type))
  File "/home/samanoudy/grr/grr/core/grr_response_core/lib/parsers/linux_cmd_parser.py", line 188, in Parse
    self.CheckReturn(cmd, return_val)
  File "/home/samanoudy/grr/grr/core/grr_response_core/lib/parser.py", line 179, in CheckReturn
    "command had %s return code" % (cmd, return_val))
CommandFailedError: Parsing output of Command /usr/sbin/dmidecode failed, as command had 1 return code
ERROR:2019-02-14 14:47:33,670 13807 MainProcess 139847263569664 grr_threadpool-1394970803 flow_runner:859] Error in flow aff4:/C.1be17baa0aeb80b5/flows/F:AB32CE7B/F:19BAE01F (aff4:/C.1be17baa0aeb80b5). Trace: Traceback (most recent call last):
  File "/home/samanoudy/grr/grr/server/grr_response_server/flow_runner.py", line 568, in RunStateMethod
    method(responses)
  File "/home/samanoudy/grr/grr/server/grr_response_server/flows/general/collectors.py", line 585, in ProcessCollected
    self._ParseResponses(list(responses), artifact_name, source)
  File "/home/samanoudy/grr/grr/server/grr_response_server/flows/general/collectors.py", line 693, in _ParseResponses
    self)
  File "/home/samanoudy/grr/grr/server/grr_response_server/artifact.py", line 431, in ApplyParsersToResponses
    flow_obj.args.path_type))
  File "/home/samanoudy/grr/grr/core/grr_response_core/lib/parsers/linux_cmd_parser.py", line 188, in Parse
    self.CheckReturn(cmd, return_val)
  File "/home/samanoudy/grr/grr/core/grr_response_core/lib/parser.py", line 179, in CheckReturn
    "command had %s return code" % (cmd, return_val))
CommandFailedError: Parsing output of Command /usr/sbin/dmidecode failed, as command had 1 return code

ERROR:2019-02-14 14:52:19,921 13807 MainProcess 139845645088512 grr_threadpool-280961834 flow_runner:584] Flow aff4:/C.1be17baa0aeb80b5/flows/F:324960C5/F:E64DFB0E raised Parsing output of Command /usr/sbin/dmidecode failed, as command had 1 return code.
Traceback (most recent call last):
  File "/home/samanoudy/grr/grr/server/grr_response_server/flow_runner.py", line 568, in RunStateMethod
    method(responses)
  File "/home/samanoudy/grr/grr/server/grr_response_server/flows/general/collectors.py", line 585, in ProcessCollected
    self._ParseResponses(list(responses), artifact_name, source)
  File "/home/samanoudy/grr/grr/server/grr_response_server/flows/general/collectors.py", line 693, in _ParseResponses
    self)
  File "/home/samanoudy/grr/grr/server/grr_response_server/artifact.py", line 431, in ApplyParsersToResponses
    flow_obj.args.path_type))
  File "/home/samanoudy/grr/grr/core/grr_response_core/lib/parsers/linux_cmd_parser.py", line 188, in Parse
    self.CheckReturn(cmd, return_val)
  File "/home/samanoudy/grr/grr/core/grr_response_core/lib/parser.py", line 179, in CheckReturn
    "command had %s return code" % (cmd, return_val))
CommandFailedError: Parsing output of Command /usr/sbin/dmidecode failed, as command had 1 return code
ERROR:2019-02-14 14:52:20,388 13807 MainProcess 139845645088512 grr_threadpool-280961834 flow_runner:859] Error in flow aff4:/C.1be17baa0aeb80b5/flows/F:324960C5/F:E64DFB0E (aff4:/C.1be17baa0aeb80b5). Trace: Traceback (most recent call last):
  File "/home/samanoudy/grr/grr/server/grr_response_server/flow_runner.py", line 568, in RunStateMethod
    method(responses)
  File "/home/samanoudy/grr/grr/server/grr_response_server/flows/general/collectors.py", line 585, in ProcessCollected
    self._ParseResponses(list(responses), artifact_name, source)
  File "/home/samanoudy/grr/grr/server/grr_response_server/flows/general/collectors.py", line 693, in _ParseResponses
    self)
  File "/home/samanoudy/grr/grr/server/grr_response_server/artifact.py", line 431, in ApplyParsersToResponses
    flow_obj.args.path_type))
  File "/home/samanoudy/grr/grr/core/grr_response_core/lib/parsers/linux_cmd_parser.py", line 188, in Parse
    self.CheckReturn(cmd, return_val)
  File "/home/samanoudy/grr/grr/core/grr_response_core/lib/parser.py", line 179, in CheckReturn
    "command had %s return code" % (cmd, return_val))
CommandFailedError: Parsing output of Command /usr/sbin/dmidecode failed, as command had 1 return code

ERROR:2019-02-14 15:17:18,797 13807 MainProcess 139845661873920 grr_threadpool-2092581062 flow_runner:584] Flow aff4:/C.1be17baa0aeb80b5/flows/F:55B30AA3/F:4DE535D4 raised Parsing output of Command /usr/sbin/dmidecode failed, as command had 1 return code.
Traceback (most recent call last):
  File "/home/samanoudy/grr/grr/server/grr_response_server/flow_runner.py", line 568, in RunStateMethod
    method(responses)
  File "/home/samanoudy/grr/grr/server/grr_response_server/flows/general/collectors.py", line 585, in ProcessCollected
    self._ParseResponses(list(responses), artifact_name, source)
  File "/home/samanoudy/grr/grr/server/grr_response_server/flows/general/collectors.py", line 693, in _ParseResponses
    self)
  File "/home/samanoudy/grr/grr/server/grr_response_server/artifact.py", line 431, in ApplyParsersToResponses
    flow_obj.args.path_type))
  File "/home/samanoudy/grr/grr/core/grr_response_core/lib/parsers/linux_cmd_parser.py", line 188, in Parse
    self.CheckReturn(cmd, return_val)
  File "/home/samanoudy/grr/grr/core/grr_response_core/lib/parser.py", line 179, in CheckReturn
    "command had %s return code" % (cmd, return_val))
CommandFailedError: Parsing output of Command /usr/sbin/dmidecode failed, as command had 1 return code
ERROR:2019-02-14 15:17:19,206 13807 MainProcess 139845661873920 grr_threadpool-2092581062 flow_runner:859] Error in flow aff4:/C.1be17baa0aeb80b5/flows/F:55B30AA3/F:4DE535D4 (aff4:/C.1be17baa0aeb80b5). Trace: Traceback (most recent call last):
  File "/home/samanoudy/grr/grr/server/grr_response_server/flow_runner.py", line 568, in RunStateMethod
    method(responses)
  File "/home/samanoudy/grr/grr/server/grr_response_server/flows/general/collectors.py", line 585, in ProcessCollected
    self._ParseResponses(list(responses), artifact_name, source)
  File "/home/samanoudy/grr/grr/server/grr_response_server/flows/general/collectors.py", line 693, in _ParseResponses
    self)
  File "/home/samanoudy/grr/grr/server/grr_response_server/artifact.py", line 431, in ApplyParsersToResponses
    flow_obj.args.path_type))
  File "/home/samanoudy/grr/grr/core/grr_response_core/lib/parsers/linux_cmd_parser.py", line 188, in Parse
    self.CheckReturn(cmd, return_val)
  File "/home/samanoudy/grr/grr/core/grr_response_core/lib/parser.py", line 179, in CheckReturn
    "command had %s return code" % (cmd, return_val))
CommandFailedError: Parsing output of Command /usr/sbin/dmidecode failed, as command had 1 return code

ERROR:2019-02-14 15:17:20,505 13807 MainProcess 139846752401152 grr_threadpool-3329326989 flow_runner:584] Flow aff4:/C.1be17baa0aeb80b5/flows/F:5090C56C/F:AEA1942F raised Parsing output of Command /usr/sbin/dmidecode failed, as command had 1 return code.
Traceback (most recent call last):
  File "/home/samanoudy/grr/grr/server/grr_response_server/flow_runner.py", line 568, in RunStateMethod
    method(responses)
  File "/home/samanoudy/grr/grr/server/grr_response_server/flows/general/collectors.py", line 585, in ProcessCollected
    self._ParseResponses(list(responses), artifact_name, source)
  File "/home/samanoudy/grr/grr/server/grr_response_server/flows/general/collectors.py", line 693, in _ParseResponses
    self)
  File "/home/samanoudy/grr/grr/server/grr_response_server/artifact.py", line 431, in ApplyParsersToResponses
    flow_obj.args.path_type))
  File "/home/samanoudy/grr/grr/core/grr_response_core/lib/parsers/linux_cmd_parser.py", line 188, in Parse
    self.CheckReturn(cmd, return_val)
  File "/home/samanoudy/grr/grr/core/grr_response_core/lib/parser.py", line 179, in CheckReturn
    "command had %s return code" % (cmd, return_val))
CommandFailedError: Parsing output of Command /usr/sbin/dmidecode failed, as command had 1 return code
ERROR:2019-02-14 15:17:21,199 13807 MainProcess 139846752401152 grr_threadpool-3329326989 flow_runner:859] Error in flow aff4:/C.1be17baa0aeb80b5/flows/F:5090C56C/F:AEA1942F (aff4:/C.1be17baa0aeb80b5). Trace: Traceback (most recent call last):
  File "/home/samanoudy/grr/grr/server/grr_response_server/flow_runner.py", line 568, in RunStateMethod
    method(responses)
  File "/home/samanoudy/grr/grr/server/grr_response_server/flows/general/collectors.py", line 585, in ProcessCollected
    self._ParseResponses(list(responses), artifact_name, source)
  File "/home/samanoudy/grr/grr/server/grr_response_server/flows/general/collectors.py", line 693, in _ParseResponses
    self)
  File "/home/samanoudy/grr/grr/server/grr_response_server/artifact.py", line 431, in ApplyParsersToResponses
    flow_obj.args.path_type))
  File "/home/samanoudy/grr/grr/core/grr_response_core/lib/parsers/linux_cmd_parser.py", line 188, in Parse
    self.CheckReturn(cmd, return_val)
  File "/home/samanoudy/grr/grr/core/grr_response_core/lib/parser.py", line 179, in CheckReturn
    "command had %s return code" % (cmd, return_val))
CommandFailedError: Parsing output of Command /usr/sbin/dmidecode failed, as command had 1 return code

ERROR:2019-02-14 15:17:48,938 13807 MainProcess 139847800964864 grr_threadpool-4176542386 flow_runner:584] Flow aff4:/C.1be17baa0aeb80b5/flows/F:22CF8677/F:3EEBD102 raised Parsing output of Command /usr/sbin/dmidecode failed, as command had 1 return code.
Traceback (most recent call last):
  File "/home/samanoudy/grr/grr/server/grr_response_server/flow_runner.py", line 568, in RunStateMethod
    method(responses)
  File "/home/samanoudy/grr/grr/server/grr_response_server/flows/general/collectors.py", line 585, in ProcessCollected
    self._ParseResponses(list(responses), artifact_name, source)
  File "/home/samanoudy/grr/grr/server/grr_response_server/flows/general/collectors.py", line 693, in _ParseResponses
    self)
  File "/home/samanoudy/grr/grr/server/grr_response_server/artifact.py", line 431, in ApplyParsersToResponses
    flow_obj.args.path_type))
  File "/home/samanoudy/grr/grr/core/grr_response_core/lib/parsers/linux_cmd_parser.py", line 188, in Parse
    self.CheckReturn(cmd, return_val)
  File "/home/samanoudy/grr/grr/core/grr_response_core/lib/parser.py", line 179, in CheckReturn
    "command had %s return code" % (cmd, return_val))
CommandFailedError: Parsing output of Command /usr/sbin/dmidecode failed, as command had 1 return code
ERROR:2019-02-14 15:17:49,405 13807 MainProcess 139847800964864 grr_threadpool-4176542386 flow_runner:859] Error in flow aff4:/C.1be17baa0aeb80b5/flows/F:22CF8677/F:3EEBD102 (aff4:/C.1be17baa0aeb80b5). Trace: Traceback (most recent call last):
  File "/home/samanoudy/grr/grr/server/grr_response_server/flow_runner.py", line 568, in RunStateMethod
    method(responses)
  File "/home/samanoudy/grr/grr/server/grr_response_server/flows/general/collectors.py", line 585, in ProcessCollected
    self._ParseResponses(list(responses), artifact_name, source)
  File "/home/samanoudy/grr/grr/server/grr_response_server/flows/general/collectors.py", line 693, in _ParseResponses
    self)
  File "/home/samanoudy/grr/grr/server/grr_response_server/artifact.py", line 431, in ApplyParsersToResponses
    flow_obj.args.path_type))
  File "/home/samanoudy/grr/grr/core/grr_response_core/lib/parsers/linux_cmd_parser.py", line 188, in Parse
    self.CheckReturn(cmd, return_val)
  File "/home/samanoudy/grr/grr/core/grr_response_core/lib/parser.py", line 179, in CheckReturn
    "command had %s return code" % (cmd, return_val))
CommandFailedError: Parsing output of Command /usr/sbin/dmidecode failed, as command had 1 return code

ERROR:2019-02-14 16:01:28,891 13807 MainProcess 139846727223040 grr_threadpool-699308744 flow_runner:584] Flow aff4:/C.1be17baa0aeb80b5/flows/F:33A3B20E/F:19B189AC raised Parsing output of Command /usr/sbin/dmidecode failed, as command had 1 return code.
Traceback (most recent call last):
  File "/home/samanoudy/grr/grr/server/grr_response_server/flow_runner.py", line 568, in RunStateMethod
    method(responses)
  File "/home/samanoudy/grr/grr/server/grr_response_server/flows/general/collectors.py", line 585, in ProcessCollected
    self._ParseResponses(list(responses), artifact_name, source)
  File "/home/samanoudy/grr/grr/server/grr_response_server/flows/general/collectors.py", line 693, in _ParseResponses
    self)
  File "/home/samanoudy/grr/grr/server/grr_response_server/artifact.py", line 431, in ApplyParsersToResponses
    flow_obj.args.path_type))
  File "/home/samanoudy/grr/grr/core/grr_response_core/lib/parsers/linux_cmd_parser.py", line 188, in Parse
    self.CheckReturn(cmd, return_val)
  File "/home/samanoudy/grr/grr/core/grr_response_core/lib/parser.py", line 179, in CheckReturn
    "command had %s return code" % (cmd, return_val))
CommandFailedError: Parsing output of Command /usr/sbin/dmidecode failed, as command had 1 return code
ERROR:2019-02-14 16:01:29,113 13807 MainProcess 139846727223040 grr_threadpool-699308744 flow_runner:859] Error in flow aff4:/C.1be17baa0aeb80b5/flows/F:33A3B20E/F:19B189AC (aff4:/C.1be17baa0aeb80b5). Trace: Traceback (most recent call last):
  File "/home/samanoudy/grr/grr/server/grr_response_server/flow_runner.py", line 568, in RunStateMethod
    method(responses)
  File "/home/samanoudy/grr/grr/server/grr_response_server/flows/general/collectors.py", line 585, in ProcessCollected
    self._ParseResponses(list(responses), artifact_name, source)
  File "/home/samanoudy/grr/grr/server/grr_response_server/flows/general/collectors.py", line 693, in _ParseResponses
    self)
  File "/home/samanoudy/grr/grr/server/grr_response_server/artifact.py", line 431, in ApplyParsersToResponses
    flow_obj.args.path_type))
  File "/home/samanoudy/grr/grr/core/grr_response_core/lib/parsers/linux_cmd_parser.py", line 188, in Parse
    self.CheckReturn(cmd, return_val)
  File "/home/samanoudy/grr/grr/core/grr_response_core/lib/parser.py", line 179, in CheckReturn
    "command had %s return code" % (cmd, return_val))
CommandFailedError: Parsing output of Command /usr/sbin/dmidecode failed, as command had 1 return code

ERROR:2019-02-14 17:15:10,183 13807 MainProcess 139846752401152 grr_threadpool-2448752986 flow:1041] Error in WellKnownFlow.ProcessMessage: Could not connect to SMTP server to send email. Please check config option Worker.smtp_server. Currently set to localhost. Error: [Errno 111] Connection refused
Traceback (most recent call last):
  File "/home/samanoudy/grr/grr/server/grr_response_server/flow.py", line 1039, in _SafeProcessMessage
    self.ProcessMessage(*args, **kwargs)
  File "/home/samanoudy/grr/grr/server/grr_response_server/flows/general/administrative.py", line 819, in ProcessMessage
    self.SendEmail(message.source.Basename(), message.payload.string)
  File "/home/samanoudy/grr/grr/server/grr_response_server/flows/general/administrative.py", line 769, in SendEmail
    is_html=True)
  File "/home/samanoudy/grr/grr/server/grr_response_server/email_alerts.py", line 153, in SendEmail
    (config.CONFIG["Worker.smtp_server"], e))
RuntimeError: Could not connect to SMTP server to send email. Please check config option Worker.smtp_server. Currently set to localhost. Error: [Errno 111] Connection refused
ERROR:2019-02-14 21:59:05,095 13807 MainProcess 139847263569664 grr_threadpool-3680007280 flow_runner:584] Flow aff4:/C.1be17baa0aeb80b5/flows/F:3A9BA6C6/F:8F9A1287 raised Parsing output of Command /usr/sbin/dmidecode failed, as command had 1 return code.
Traceback (most recent call last):
  File "/home/samanoudy/grr/grr/server/grr_response_server/flow_runner.py", line 568, in RunStateMethod
    method(responses)
  File "/home/samanoudy/grr/grr/server/grr_response_server/flows/general/collectors.py", line 585, in ProcessCollected
    self._ParseResponses(list(responses), artifact_name, source)
  File "/home/samanoudy/grr/grr/server/grr_response_server/flows/general/collectors.py", line 693, in _ParseResponses
    self)
  File "/home/samanoudy/grr/grr/server/grr_response_server/artifact.py", line 431, in ApplyParsersToResponses
    flow_obj.args.path_type))
  File "/home/samanoudy/grr/grr/core/grr_response_core/lib/parsers/linux_cmd_parser.py", line 188, in Parse
    self.CheckReturn(cmd, return_val)
  File "/home/samanoudy/grr/grr/core/grr_response_core/lib/parser.py", line 179, in CheckReturn
    "command had %s return code" % (cmd, return_val))
CommandFailedError: Parsing output of Command /usr/sbin/dmidecode failed, as command had 1 return code
ERROR:2019-02-14 21:59:05,540 13807 MainProcess 139847263569664 grr_threadpool-3680007280 flow_runner:859] Error in flow aff4:/C.1be17baa0aeb80b5/flows/F:3A9BA6C6/F:8F9A1287 (aff4:/C.1be17baa0aeb80b5). Trace: Traceback (most recent call last):
  File "/home/samanoudy/grr/grr/server/grr_response_server/flow_runner.py", line 568, in RunStateMethod
    method(responses)
  File "/home/samanoudy/grr/grr/server/grr_response_server/flows/general/collectors.py", line 585, in ProcessCollected
    self._ParseResponses(list(responses), artifact_name, source)
  File "/home/samanoudy/grr/grr/server/grr_response_server/flows/general/collectors.py", line 693, in _ParseResponses
    self)
  File "/home/samanoudy/grr/grr/server/grr_response_server/artifact.py", line 431, in ApplyParsersToResponses
    flow_obj.args.path_type))
  File "/home/samanoudy/grr/grr/core/grr_response_core/lib/parsers/linux_cmd_parser.py", line 188, in Parse
    self.CheckReturn(cmd, return_val)
  File "/home/samanoudy/grr/grr/core/grr_response_core/lib/parser.py", line 179, in CheckReturn
    "command had %s return code" % (cmd, return_val))
CommandFailedError: Parsing output of Command /usr/sbin/dmidecode failed, as command had 1 return code

ERROR:2019-02-14 21:59:24,189 13807 MainProcess 139846710437632 grr_threadpool-1814482123 flow_runner:584] Flow aff4:/C.1be17baa0aeb80b5/flows/F:B04683CD/F:E54B673C raised Parsing output of Command /usr/sbin/dmidecode failed, as command had 1 return code.
Traceback (most recent call last):
  File "/home/samanoudy/grr/grr/server/grr_response_server/flow_runner.py", line 568, in RunStateMethod
    method(responses)
  File "/home/samanoudy/grr/grr/server/grr_response_server/flows/general/collectors.py", line 585, in ProcessCollected
    self._ParseResponses(list(responses), artifact_name, source)
  File "/home/samanoudy/grr/grr/server/grr_response_server/flows/general/collectors.py", line 693, in _ParseResponses
    self)
  File "/home/samanoudy/grr/grr/server/grr_response_server/artifact.py", line 431, in ApplyParsersToResponses
    flow_obj.args.path_type))
  File "/home/samanoudy/grr/grr/core/grr_response_core/lib/parsers/linux_cmd_parser.py", line 188, in Parse
    self.CheckReturn(cmd, return_val)
  File "/home/samanoudy/grr/grr/core/grr_response_core/lib/parser.py", line 179, in CheckReturn
    "command had %s return code" % (cmd, return_val))
CommandFailedError: Parsing output of Command /usr/sbin/dmidecode failed, as command had 1 return code
ERROR:2019-02-14 21:59:24,554 13807 MainProcess 139846710437632 grr_threadpool-1814482123 flow_runner:859] Error in flow aff4:/C.1be17baa0aeb80b5/flows/F:B04683CD/F:E54B673C (aff4:/C.1be17baa0aeb80b5). Trace: Traceback (most recent call last):
  File "/home/samanoudy/grr/grr/server/grr_response_server/flow_runner.py", line 568, in RunStateMethod
    method(responses)
  File "/home/samanoudy/grr/grr/server/grr_response_server/flows/general/collectors.py", line 585, in ProcessCollected
    self._ParseResponses(list(responses), artifact_name, source)
  File "/home/samanoudy/grr/grr/server/grr_response_server/flows/general/collectors.py", line 693, in _ParseResponses
    self)
  File "/home/samanoudy/grr/grr/server/grr_response_server/artifact.py", line 431, in ApplyParsersToResponses
    flow_obj.args.path_type))
  File "/home/samanoudy/grr/grr/core/grr_response_core/lib/parsers/linux_cmd_parser.py", line 188, in Parse
    self.CheckReturn(cmd, return_val)
  File "/home/samanoudy/grr/grr/core/grr_response_core/lib/parser.py", line 179, in CheckReturn
    "command had %s return code" % (cmd, return_val))
CommandFailedError: Parsing output of Command /usr/sbin/dmidecode failed, as command had 1 return code

ERROR:2019-02-14 21:59:25,457 13807 MainProcess 139845678659328 grr_threadpool-4168559335 flow_runner:584] Flow aff4:/C.1be17baa0aeb80b5/flows/F:B1B9A798/F:6312443 raised Parsing output of Command /usr/sbin/dmidecode failed, as command had 1 return code.
Traceback (most recent call last):
  File "/home/samanoudy/grr/grr/server/grr_response_server/flow_runner.py", line 568, in RunStateMethod
    method(responses)
  File "/home/samanoudy/grr/grr/server/grr_response_server/flows/general/collectors.py", line 585, in ProcessCollected
    self._ParseResponses(list(responses), artifact_name, source)
  File "/home/samanoudy/grr/grr/server/grr_response_server/flows/general/collectors.py", line 693, in _ParseResponses
    self)
  File "/home/samanoudy/grr/grr/server/grr_response_server/artifact.py", line 431, in ApplyParsersToResponses
    flow_obj.args.path_type))
  File "/home/samanoudy/grr/grr/core/grr_response_core/lib/parsers/linux_cmd_parser.py", line 188, in Parse
    self.CheckReturn(cmd, return_val)
  File "/home/samanoudy/grr/grr/core/grr_response_core/lib/parser.py", line 179, in CheckReturn
    "command had %s return code" % (cmd, return_val))
CommandFailedError: Parsing output of Command /usr/sbin/dmidecode failed, as command had 1 return code
ERROR:2019-02-14 21:59:25,801 13807 MainProcess 139845678659328 grr_threadpool-4168559335 flow_runner:859] Error in flow aff4:/C.1be17baa0aeb80b5/flows/F:B1B9A798/F:6312443 (aff4:/C.1be17baa0aeb80b5). Trace: Traceback (most recent call last):
  File "/home/samanoudy/grr/grr/server/grr_response_server/flow_runner.py", line 568, in RunStateMethod
    method(responses)
  File "/home/samanoudy/grr/grr/server/grr_response_server/flows/general/collectors.py", line 585, in ProcessCollected
    self._ParseResponses(list(responses), artifact_name, source)
  File "/home/samanoudy/grr/grr/server/grr_response_server/flows/general/collectors.py", line 693, in _ParseResponses
    self)
  File "/home/samanoudy/grr/grr/server/grr_response_server/artifact.py", line 431, in ApplyParsersToResponses
    flow_obj.args.path_type))
  File "/home/samanoudy/grr/grr/core/grr_response_core/lib/parsers/linux_cmd_parser.py", line 188, in Parse
    self.CheckReturn(cmd, return_val)
  File "/home/samanoudy/grr/grr/core/grr_response_core/lib/parser.py", line 179, in CheckReturn
    "command had %s return code" % (cmd, return_val))
CommandFailedError: Parsing output of Command /usr/sbin/dmidecode failed, as command had 1 return code

ERROR:2019-02-14 22:05:53,823 13807 MainProcess 139847775786752 grr_threadpool-2095959710 flow_runner:584] Flow aff4:/C.1be17baa0aeb80b5/flows/F:DF3FF9B4/F:2D02998A raised Parsing output of Command /usr/sbin/dmidecode failed, as command had 1 return code.
Traceback (most recent call last):
  File "/home/samanoudy/grr/grr/server/grr_response_server/flow_runner.py", line 568, in RunStateMethod
    method(responses)
  File "/home/samanoudy/grr/grr/server/grr_response_server/flows/general/collectors.py", line 585, in ProcessCollected
    self._ParseResponses(list(responses), artifact_name, source)
  File "/home/samanoudy/grr/grr/server/grr_response_server/flows/general/collectors.py", line 693, in _ParseResponses
    self)
  File "/home/samanoudy/grr/grr/server/grr_response_server/artifact.py", line 431, in ApplyParsersToResponses
    flow_obj.args.path_type))
  File "/home/samanoudy/grr/grr/core/grr_response_core/lib/parsers/linux_cmd_parser.py", line 188, in Parse
    self.CheckReturn(cmd, return_val)
  File "/home/samanoudy/grr/grr/core/grr_response_core/lib/parser.py", line 179, in CheckReturn
    "command had %s return code" % (cmd, return_val))
CommandFailedError: Parsing output of Command /usr/sbin/dmidecode failed, as command had 1 return code
ERROR:2019-02-14 22:05:54,365 13807 MainProcess 139847775786752 grr_threadpool-2095959710 flow_runner:859] Error in flow aff4:/C.1be17baa0aeb80b5/flows/F:DF3FF9B4/F:2D02998A (aff4:/C.1be17baa0aeb80b5). Trace: Traceback (most recent call last):
  File "/home/samanoudy/grr/grr/server/grr_response_server/flow_runner.py", line 568, in RunStateMethod
    method(responses)
  File "/home/samanoudy/grr/grr/server/grr_response_server/flows/general/collectors.py", line 585, in ProcessCollected
    self._ParseResponses(list(responses), artifact_name, source)
  File "/home/samanoudy/grr/grr/server/grr_response_server/flows/general/collectors.py", line 693, in _ParseResponses
    self)
  File "/home/samanoudy/grr/grr/server/grr_response_server/artifact.py", line 431, in ApplyParsersToResponses
    flow_obj.args.path_type))
  File "/home/samanoudy/grr/grr/core/grr_response_core/lib/parsers/linux_cmd_parser.py", line 188, in Parse
    self.CheckReturn(cmd, return_val)
  File "/home/samanoudy/grr/grr/core/grr_response_core/lib/parser.py", line 179, in CheckReturn
    "command had %s return code" % (cmd, return_val))
CommandFailedError: Parsing output of Command /usr/sbin/dmidecode failed, as command had 1 return code

ERROR:2019-02-14 22:05:57,255 13807 MainProcess 139845494085376 grr_threadpool-1932393868 flow_runner:584] Flow aff4:/C.1be17baa0aeb80b5/flows/F:848D0E42/F:7500EA29 raised Parsing output of Command /usr/sbin/dmidecode failed, as command had 1 return code.
Traceback (most recent call last):
  File "/home/samanoudy/grr/grr/server/grr_response_server/flow_runner.py", line 568, in RunStateMethod
    method(responses)
  File "/home/samanoudy/grr/grr/server/grr_response_server/flows/general/collectors.py", line 585, in ProcessCollected
    self._ParseResponses(list(responses), artifact_name, source)
  File "/home/samanoudy/grr/grr/server/grr_response_server/flows/general/collectors.py", line 693, in _ParseResponses
    self)
  File "/home/samanoudy/grr/grr/server/grr_response_server/artifact.py", line 431, in ApplyParsersToResponses
    flow_obj.args.path_type))
  File "/home/samanoudy/grr/grr/core/grr_response_core/lib/parsers/linux_cmd_parser.py", line 188, in Parse
    self.CheckReturn(cmd, return_val)
  File "/home/samanoudy/grr/grr/core/grr_response_core/lib/parser.py", line 179, in CheckReturn
    "command had %s return code" % (cmd, return_val))
CommandFailedError: Parsing output of Command /usr/sbin/dmidecode failed, as command had 1 return code
ERROR:2019-02-14 22:05:57,611 13807 MainProcess 139845494085376 grr_threadpool-1932393868 flow_runner:859] Error in flow aff4:/C.1be17baa0aeb80b5/flows/F:848D0E42/F:7500EA29 (aff4:/C.1be17baa0aeb80b5). Trace: Traceback (most recent call last):
  File "/home/samanoudy/grr/grr/server/grr_response_server/flow_runner.py", line 568, in RunStateMethod
    method(responses)
  File "/home/samanoudy/grr/grr/server/grr_response_server/flows/general/collectors.py", line 585, in ProcessCollected
    self._ParseResponses(list(responses), artifact_name, source)
  File "/home/samanoudy/grr/grr/server/grr_response_server/flows/general/collectors.py", line 693, in _ParseResponses
    self)
  File "/home/samanoudy/grr/grr/server/grr_response_server/artifact.py", line 431, in ApplyParsersToResponses
    flow_obj.args.path_type))
  File "/home/samanoudy/grr/grr/core/grr_response_core/lib/parsers/linux_cmd_parser.py", line 188, in Parse
    self.CheckReturn(cmd, return_val)
  File "/home/samanoudy/grr/grr/core/grr_response_core/lib/parser.py", line 179, in CheckReturn
    "command had %s return code" % (cmd, return_val))
CommandFailedError: Parsing output of Command /usr/sbin/dmidecode failed, as command had 1 return code

ERROR:2019-02-15 15:32:46,285 8351 MainProcess 140256024184576 grr_threadpool-2626054071 flow_runner:584] Flow aff4:/C.1be17baa0aeb80b5/flows/F:95601555/F:2699EA02 raised Parsing output of Command /usr/sbin/dmidecode failed, as command had 1 return code.
Traceback (most recent call last):
  File "/home/samanoudy/grr/grr/server/grr_response_server/flow_runner.py", line 568, in RunStateMethod
    method(responses)
  File "/home/samanoudy/grr/grr/server/grr_response_server/flows/general/collectors.py", line 585, in ProcessCollected
    self._ParseResponses(list(responses), artifact_name, source)
  File "/home/samanoudy/grr/grr/server/grr_response_server/flows/general/collectors.py", line 693, in _ParseResponses
    self)
  File "/home/samanoudy/grr/grr/server/grr_response_server/artifact.py", line 431, in ApplyParsersToResponses
    flow_obj.args.path_type))
  File "/home/samanoudy/grr/grr/core/grr_response_core/lib/parsers/linux_cmd_parser.py", line 188, in Parse
    self.CheckReturn(cmd, return_val)
  File "/home/samanoudy/grr/grr/core/grr_response_core/lib/parser.py", line 179, in CheckReturn
    "command had %s return code" % (cmd, return_val))
CommandFailedError: Parsing output of Command /usr/sbin/dmidecode failed, as command had 1 return code
ERROR:2019-02-15 15:32:46,687 8351 MainProcess 140256024184576 grr_threadpool-2626054071 flow_runner:859] Error in flow aff4:/C.1be17baa0aeb80b5/flows/F:95601555/F:2699EA02 (aff4:/C.1be17baa0aeb80b5). Trace: Traceback (most recent call last):
  File "/home/samanoudy/grr/grr/server/grr_response_server/flow_runner.py", line 568, in RunStateMethod
    method(responses)
  File "/home/samanoudy/grr/grr/server/grr_response_server/flows/general/collectors.py", line 585, in ProcessCollected
    self._ParseResponses(list(responses), artifact_name, source)
  File "/home/samanoudy/grr/grr/server/grr_response_server/flows/general/collectors.py", line 693, in _ParseResponses
    self)
  File "/home/samanoudy/grr/grr/server/grr_response_server/artifact.py", line 431, in ApplyParsersToResponses
    flow_obj.args.path_type))
  File "/home/samanoudy/grr/grr/core/grr_response_core/lib/parsers/linux_cmd_parser.py", line 188, in Parse
    self.CheckReturn(cmd, return_val)
  File "/home/samanoudy/grr/grr/core/grr_response_core/lib/parser.py", line 179, in CheckReturn
    "command had %s return code" % (cmd, return_val))
CommandFailedError: Parsing output of Command /usr/sbin/dmidecode failed, as command had 1 return code

ERROR:2019-02-15 15:34:19,663 8351 MainProcess 140254950442752 grr_threadpool-1855565058 flow_runner:584] Flow aff4:/C.1be17baa0aeb80b5/flows/F:2FB5A336/F:B4671570 raised Parsing output of Command /usr/sbin/dmidecode failed, as command had 1 return code.
Traceback (most recent call last):
  File "/home/samanoudy/grr/grr/server/grr_response_server/flow_runner.py", line 568, in RunStateMethod
    method(responses)
  File "/home/samanoudy/grr/grr/server/grr_response_server/flows/general/collectors.py", line 585, in ProcessCollected
    self._ParseResponses(list(responses), artifact_name, source)
  File "/home/samanoudy/grr/grr/server/grr_response_server/flows/general/collectors.py", line 693, in _ParseResponses
    self)
  File "/home/samanoudy/grr/grr/server/grr_response_server/artifact.py", line 431, in ApplyParsersToResponses
    flow_obj.args.path_type))
  File "/home/samanoudy/grr/grr/core/grr_response_core/lib/parsers/linux_cmd_parser.py", line 188, in Parse
    self.CheckReturn(cmd, return_val)
  File "/home/samanoudy/grr/grr/core/grr_response_core/lib/parser.py", line 179, in CheckReturn
    "command had %s return code" % (cmd, return_val))
CommandFailedError: Parsing output of Command /usr/sbin/dmidecode failed, as command had 1 return code
ERROR:2019-02-15 15:34:19,851 8351 MainProcess 140254950442752 grr_threadpool-1855565058 flow_runner:859] Error in flow aff4:/C.1be17baa0aeb80b5/flows/F:2FB5A336/F:B4671570 (aff4:/C.1be17baa0aeb80b5). Trace: Traceback (most recent call last):
  File "/home/samanoudy/grr/grr/server/grr_response_server/flow_runner.py", line 568, in RunStateMethod
    method(responses)
  File "/home/samanoudy/grr/grr/server/grr_response_server/flows/general/collectors.py", line 585, in ProcessCollected
    self._ParseResponses(list(responses), artifact_name, source)
  File "/home/samanoudy/grr/grr/server/grr_response_server/flows/general/collectors.py", line 693, in _ParseResponses
    self)
  File "/home/samanoudy/grr/grr/server/grr_response_server/artifact.py", line 431, in ApplyParsersToResponses
    flow_obj.args.path_type))
  File "/home/samanoudy/grr/grr/core/grr_response_core/lib/parsers/linux_cmd_parser.py", line 188, in Parse
    self.CheckReturn(cmd, return_val)
  File "/home/samanoudy/grr/grr/core/grr_response_core/lib/parser.py", line 179, in CheckReturn
    "command had %s return code" % (cmd, return_val))
CommandFailedError: Parsing output of Command /usr/sbin/dmidecode failed, as command had 1 return code

ERROR:2019-02-15 20:47:28,494 8351 MainProcess 140255512491776 grr_threadpool-257164461 flow_runner:584] Flow aff4:/C.1be17baa0aeb80b5/flows/F:F856BCCC/F:9BEE5133 raised Parsing output of Command /usr/sbin/dmidecode failed, as command had 1 return code.
Traceback (most recent call last):
  File "/home/samanoudy/grr/grr/server/grr_response_server/flow_runner.py", line 568, in RunStateMethod
    method(responses)
  File "/home/samanoudy/grr/grr/server/grr_response_server/flows/general/collectors.py", line 585, in ProcessCollected
    self._ParseResponses(list(responses), artifact_name, source)
  File "/home/samanoudy/grr/grr/server/grr_response_server/flows/general/collectors.py", line 693, in _ParseResponses
    self)
  File "/home/samanoudy/grr/grr/server/grr_response_server/artifact.py", line 431, in ApplyParsersToResponses
    flow_obj.args.path_type))
  File "/home/samanoudy/grr/grr/core/grr_response_core/lib/parsers/linux_cmd_parser.py", line 188, in Parse
    self.CheckReturn(cmd, return_val)
  File "/home/samanoudy/grr/grr/core/grr_response_core/lib/parser.py", line 179, in CheckReturn
    "command had %s return code" % (cmd, return_val))
CommandFailedError: Parsing output of Command /usr/sbin/dmidecode failed, as command had 1 return code
ERROR:2019-02-15 20:47:28,862 8351 MainProcess 140255512491776 grr_threadpool-257164461 flow_runner:859] Error in flow aff4:/C.1be17baa0aeb80b5/flows/F:F856BCCC/F:9BEE5133 (aff4:/C.1be17baa0aeb80b5). Trace: Traceback (most recent call last):
  File "/home/samanoudy/grr/grr/server/grr_response_server/flow_runner.py", line 568, in RunStateMethod
    method(responses)
  File "/home/samanoudy/grr/grr/server/grr_response_server/flows/general/collectors.py", line 585, in ProcessCollected
    self._ParseResponses(list(responses), artifact_name, source)
  File "/home/samanoudy/grr/grr/server/grr_response_server/flows/general/collectors.py", line 693, in _ParseResponses
    self)
  File "/home/samanoudy/grr/grr/server/grr_response_server/artifact.py", line 431, in ApplyParsersToResponses
    flow_obj.args.path_type))
  File "/home/samanoudy/grr/grr/core/grr_response_core/lib/parsers/linux_cmd_parser.py", line 188, in Parse
    self.CheckReturn(cmd, return_val)
  File "/home/samanoudy/grr/grr/core/grr_response_core/lib/parser.py", line 179, in CheckReturn
    "command had %s return code" % (cmd, return_val))
CommandFailedError: Parsing output of Command /usr/sbin/dmidecode failed, as command had 1 return code

ERROR:2019-02-15 20:47:52,212 8351 MainProcess 140255478920960 grr_threadpool-231268429 flow_runner:584] Flow aff4:/C.1be17baa0aeb80b5/flows/F:75720C9E/F:54B33FF8 raised Parsing output of Command /usr/sbin/dmidecode failed, as command had 1 return code.
Traceback (most recent call last):
  File "/home/samanoudy/grr/grr/server/grr_response_server/flow_runner.py", line 568, in RunStateMethod
    method(responses)
  File "/home/samanoudy/grr/grr/server/grr_response_server/flows/general/collectors.py", line 585, in ProcessCollected
    self._ParseResponses(list(responses), artifact_name, source)
  File "/home/samanoudy/grr/grr/server/grr_response_server/flows/general/collectors.py", line 693, in _ParseResponses
    self)
  File "/home/samanoudy/grr/grr/server/grr_response_server/artifact.py", line 431, in ApplyParsersToResponses
    flow_obj.args.path_type))
  File "/home/samanoudy/grr/grr/core/grr_response_core/lib/parsers/linux_cmd_parser.py", line 188, in Parse
    self.CheckReturn(cmd, return_val)
  File "/home/samanoudy/grr/grr/core/grr_response_core/lib/parser.py", line 179, in CheckReturn
    "command had %s return code" % (cmd, return_val))
CommandFailedError: Parsing output of Command /usr/sbin/dmidecode failed, as command had 1 return code
ERROR:2019-02-15 20:47:52,583 8351 MainProcess 140255478920960 grr_threadpool-231268429 flow_runner:859] Error in flow aff4:/C.1be17baa0aeb80b5/flows/F:75720C9E/F:54B33FF8 (aff4:/C.1be17baa0aeb80b5). Trace: Traceback (most recent call last):
  File "/home/samanoudy/grr/grr/server/grr_response_server/flow_runner.py", line 568, in RunStateMethod
    method(responses)
  File "/home/samanoudy/grr/grr/server/grr_response_server/flows/general/collectors.py", line 585, in ProcessCollected
    self._ParseResponses(list(responses), artifact_name, source)
  File "/home/samanoudy/grr/grr/server/grr_response_server/flows/general/collectors.py", line 693, in _ParseResponses
    self)
  File "/home/samanoudy/grr/grr/server/grr_response_server/artifact.py", line 431, in ApplyParsersToResponses
    flow_obj.args.path_type))
  File "/home/samanoudy/grr/grr/core/grr_response_core/lib/parsers/linux_cmd_parser.py", line 188, in Parse
    self.CheckReturn(cmd, return_val)
  File "/home/samanoudy/grr/grr/core/grr_response_core/lib/parser.py", line 179, in CheckReturn
    "command had %s return code" % (cmd, return_val))
CommandFailedError: Parsing output of Command /usr/sbin/dmidecode failed, as command had 1 return code

